-2.200000000000000178e+00 1.691507983341794559e-09 1.000371553306317844e-23 -1.230108043745850140e-23
-2.156000000000000139e+00 1.829576622036576821e-09 1.093106254791754931e-23 -1.386819995733435461e-23
-2.112000000000000099e+00 1.980254991120603661e-09 1.242063388536655618e-23 -1.526406724101758881e-23
-2.068000000000000060e+00 2.144490348171138834e-09 1.405560806486589994e-23 -1.686672967783907993e-23
-2.024000000000000021e+00 2.323168116363928528e-09 1.601369967114377014e-23 -1.907039052846863022e-23
-1.980000000000000204e+00 2.517041144250187098e-09 1.829490870420016678e-23 -2.137744895566730897e-23
-1.936000000000000165e+00 2.726629035986226005e-09 2.108018092303106465e-23 -2.408194181780357524e-23
-1.892000000000000126e+00 2.952078004274815006e-09 2.459569852638143227e-23 -2.628560266843312553e-23
-1.848000000000000087e+00 3.192969962379160261e-09 2.762653998956401023e-23 -3.047158893234893550e-23
-1.804000000000000270e+00 3.448068637466277754e-09 3.222126979835465615e-23 -3.374153729134762303e-23
-1.760000000000000231e+00 3.714991713281344196e-09 3.678368786446744942e-23 -3.764318021969832974e-23
-1.716000000000000192e+00 3.989803973131770856e-09 4.283244609376146429e-23 -4.251902218978629365e-23
-1.672000000000000153e+00 4.266541756243267861e-09 4.836421644020983687e-23 -4.699419855066888478e-23
-1.628000000000000114e+00 4.536711676640054162e-09 5.504628482598976355e-23 -5.236441018372799414e-23
-1.584000000000000075e+00 4.788869001754202255e-09 6.384800353143682365e-23 -5.742442908707971812e-23
-1.540000000000000036e+00 5.008490633188828880e-09 7.209396026282481829e-23 -6.210316942683278090e-23
-1.495999999999999996e+00 5.178530949667697350e-09 8.199427821931886827e-23 -6.666558749294557417e-23
-1.451999999999999957e+00 5.281278850351190108e-09 9.074429813648136414e-23 -7.129262904441407273e-23
-1.408000000000000140e+00 5.302322199057463494e-09 9.791750501096465101e-23 -7.334765587872550086e-23
-1.364000000000000101e+00 5.237226232449530440e-09 1.041989077875392049e-22 -7.346397815236577037e-23
-1.320000000000000062e+00 5.100138024187939339e-09 1.066029014427714416e-22 -7.140895131805434224e-23
-1.276000000000000245e+00 4.929832498562384596e-09 1.019758598913029430e-22 -6.510169914733750622e-23
-1.232000000000000206e+00 4.783379315357072806e-09 8.990419282685719541e-23 -5.543402573812399527e-23
-1.188000000000000167e+00 4.708479630832764149e-09 6.741521992307175550e-23 -4.170799744857219229e-23
-1.144000000000000128e+00 4.707526793516972353e-09 3.494838088036541926e-23 -2.463447261759485544e-23
-1.100000000000000089e+00 4.738981159970437293e-09 -2.636638202512775714e-24 -5.893661864440322183e-24
-1.056000000000000050e+00 4.774991604346589649e-09 -4.125563305108225528e-23 1.313149222427931434e-23
-1.012000000000000011e+00 4.841642456263802645e-09 -7.312793602851610288e-23 2.977850205190899630e-23
-9.679999999999999716e-01 4.978721811622556902e-09 -9.566860772058610702e-23 4.329773518832254236e-23
-9.240000000000001545e-01 5.182115709193681716e-09 -1.082055638795929327e-22 5.278446283854007850e-23
-8.800000000000001155e-01 5.402449735993072357e-09 -1.125999608837808922e-22 5.852302833812670800e-23
-8.360000000000000764e-01 5.581045535010640375e-09 -1.101701178344063734e-22 6.017738956323276335e-23
-7.920000000000000373e-01 5.677601771884313035e-09 -1.032424802042747667e-22 6.090117259921666256e-23
-7.479999999999999982e-01 5.676544952945520523e-09 -9.641824015071228835e-23 5.707546226615890957e-23
-7.039999999999999591e-01 5.581000337608803579e-09 -8.695736189463703432e-23 5.350824587452397772e-23
-6.599999999999999201e-01 5.404202812899650946e-09 -7.589382120174028917e-23 4.766628279836821976e-23
-6.160000000000001030e-01 5.162831538819609007e-09 -6.813900295905565472e-23 4.275489791133461794e-23
-5.720000000000000639e-01 4.873055840692492242e-09 -5.986719683352537797e-23 3.737822392973993806e-23
-5.280000000000000249e-01 4.548685708724452395e-09 -5.237087253226356467e-23 3.184645358329156548e-23
-4.839999999999999858e-01 4.200620972116646306e-09 -4.683910218581519209e-23 2.740035779081904173e-23
-4.399999999999999467e-01 3.836981299906339704e-09 -4.022165728539097069e-23 2.321275593976933913e-23
-3.959999999999999076e-01 3.463529268837484696e-09 -3.515517603350367618e-23 1.804287711131291616e-23
-3.520000000000000906e-01 3.084171817203894560e-09 -2.946830932220161092e-23 1.509604617909275507e-23
-3.080000000000000515e-01 2.701434500137493997e-09 -2.729696021424991327e-23 1.204581767030346552e-23
-2.640000000000000124e-01 2.316864867680745396e-09 -2.155839471466328378e-23 9.564275832644382491e-24
-2.199999999999999734e-01 1.931353458137124804e-09 -1.840476862930486577e-23 7.289529148123556385e-24
-1.760000000000001563e-01 1.545376037060674731e-09 -1.613002194478403966e-23 5.945360652724886413e-24
-1.320000000000001172e-01 1.159166878642628459e-09 -1.251110676486454358e-23 4.290999427618831063e-24
-8.800000000000007816e-02 7.728347919813420451e-10 -1.085674553975848823e-23 3.257023661927546470e-24
-4.400000000000003908e-02 3.864337878357241206e-10 -9.098986738083304424e-24 3.205324873642982240e-24
0.000000000000000000e+00 3.308722450212110699e-24 -6.203854594147707562e-24 1.525114254394644776e-24
4.400000000000003908e-02 -3.864337878357194677e-10 -4.963083675318166049e-24 2.274746684520826106e-24
8.800000000000007816e-02 -7.728347919813367718e-10 -4.652890945610780671e-24 2.378144261089954565e-24
1.320000000000001172e-01 -1.159166878642621428e-09 -2.791734567366468403e-24 2.171349107951697647e-24
1.760000000000001563e-01 -1.545376037060668734e-09 -3.101927297073853781e-24 2.791734567366468403e-24
2.200000000000001954e-01 -1.931353458137120254e-09 -2.843433355651032632e-24 2.429843049374518795e-24
2.640000000000002345e-01 -2.316864867680741260e-09 -3.825710333057752996e-24 2.740035779081904173e-24
3.080000000000002736e-01 -2.701434500137484484e-09 -4.601192157326216441e-24 1.602662436821491120e-24
3.519999999999998685e-01 -3.084171817203885048e-09 -6.565746112139657169e-24 8.271806125530276749e-25
3.959999999999999076e-01 -3.463529268837483042e-09 -9.460878256075254031e-24 -6.203854594147707562e-25
4.399999999999999467e-01 -3.836981299906342186e-09 -1.256280555314910781e-23 -1.861156378244312268e-24
4.839999999999999858e-01 -4.200620972116658713e-09 -1.700890134562163156e-23 -4.394397004187959523e-24
5.280000000000000249e-01 -4.548685708724478865e-09 -2.290256321006195375e-23 -7.832366425111480796e-24
5.720000000000000639e-01 -4.873055840692542700e-09 -2.729696021424991327e-23 -1.212336585273031186e-23
6.160000000000001030e-01 -5.162831538819688416e-09 -3.267363419584459316e-23 -1.726739528704445271e-23
6.600000000000001421e-01 -5.404202812899786604e-09 -3.830880211886209419e-23 -2.349709927533444239e-23
7.040000000000001812e-01 -5.581000337609028572e-09 -4.440925913644067329e-23 -3.086417660588484512e-23
7.480000000000002203e-01 -5.676544952945843123e-09 -5.050971615401925240e-23 -3.895503697241914706e-23
7.920000000000002593e-01 -5.677601771884824232e-09 -5.474901679335351923e-23 -4.681325279167290997e-23
8.360000000000002984e-01 -5.581045535011377393e-09 -5.712716105444347380e-23 -5.433542648707700539e-23
8.800000000000003375e-01 -5.402449735994118740e-09 -5.766999833143139821e-23 -5.989304622766766008e-23
9.239999999999999325e-01 -5.182115709195111084e-09 -5.291370980925148908e-23 -6.053928108122471295e-23
9.679999999999999716e-01 -4.978721811624429639e-09 -4.262565094062320737e-23 -5.456807103435754443e-23
1.012000000000000011e+00 -4.841642456266092281e-09 -2.758130354981501653e-23 -4.133318123350910163e-23
1.056000000000000050e+00 -4.774991604349195268e-09 -9.745221591640357295e-24 -1.887005772386594383e-23
1.100000000000000089e+00 -4.738981159973153755e-09 1.274375131214508262e-23 7.961613395822891371e-24
1.144000000000000128e+00 -4.707526793519578799e-09 3.502592906279226561e-23 3.466403754480031600e-23
1.188000000000000167e+00 -4.708479630835055439e-09 5.371504102766223464e-23 5.613195937996561237e-23
1.232000000000000206e+00 -4.783379315358945543e-09 6.894033417746640028e-23 7.060762009964359668e-23
1.276000000000000245e+00 -4.929832498563825544e-09 7.928009183437924621e-23 7.660467954065304733e-23
1.320000000000000284e+00 -5.100138024188989858e-09 8.395883217413230900e-23 7.612646574902082820e-23
1.364000000000000323e+00 -5.237226232450282347e-09 8.532885006367326109e-23 7.096951161763554629e-23
1.408000000000000362e+00 -5.302322199057984618e-09 8.302825398501015287e-23 6.388677762265024683e-23
1.452000000000000401e+00 -5.281278850351535869e-09 8.022359472057254341e-23 5.591223952975621440e-23
1.495999999999999996e+00 -5.178530949667919861e-09 7.306331254316039759e-23 4.792477673979104091e-23
1.540000000000000036e+00 -5.008490633188971155e-09 6.732474704357376810e-23 4.045430183267150972e-23
1.584000000000000075e+00 -4.788869001754286627e-09 6.197392245612137033e-23 3.440554360337749485e-23
1.628000000000000114e+00 -4.536711676640106275e-09 5.524015528205687941e-23 2.852480643600831373e-23
1.672000000000000153e+00 -4.266541756243298466e-09 5.061311373058838086e-23 2.385899079332639200e-23
1.716000000000000192e+00 -3.989803973131784918e-09 4.459020489543664810e-23 1.969077598788340098e-23
1.760000000000000231e+00 -3.714991713281347918e-09 3.949787424940707148e-23 1.670840213871760198e-23
1.804000000000000270e+00 -3.448068637466277754e-09 3.476097277283387393e-23 1.384235056319207250e-23
1.847999999999999865e+00 -3.192969962379161502e-09 3.101281062220296728e-23 1.189718365398534335e-23
1.892000000000000348e+00 -2.952078004274811284e-09 2.750375536738817019e-23 9.880930910887338397e-24
1.935999999999999943e+00 -2.726629035986226419e-09 2.446645155567002170e-23 8.077935669463160887e-24
1.980000000000000426e+00 -2.517041144250181722e-09 2.158424410880556589e-23 6.875938841847042547e-24
2.024000000000000021e+00 -2.323168116363925633e-09 1.902515408871963652e-23 5.803188984942334782e-24
2.068000000000000504e+00 -2.144490348171135525e-09 1.705736895963841053e-23 5.305588147703404071e-24
2.112000000000000099e+00 -1.980254991120602834e-09 1.506050326214711716e-23 4.252225336405407891e-24
2.156000000000000583e+00 -1.829576622036574339e-09 1.364848010712495664e-23 3.431507072387950745e-24
2.200000000000000178e+00 -1.691507983341794973e-09 1.161607149268802536e-23 2.895132143935596862e-24
