-2.200000000000000178e+00 1.930962165790662725e-08 -0.000000000000000000e+00 0.000000000000000000e+00
-2.156000000000000139e+00 1.892342922474849411e-08 -0.000000000000000000e+00 0.000000000000000000e+00
-2.112000000000000099e+00 1.853723679159036097e-08 -0.000000000000000000e+00 0.000000000000000000e+00
-2.068000000000000060e+00 1.815104435843222783e-08 -0.000000000000000000e+00 0.000000000000000000e+00
-2.024000000000000021e+00 1.776485192527409469e-08 -0.000000000000000000e+00 0.000000000000000000e+00
-1.980000000000000204e+00 1.737865949211596486e-08 -0.000000000000000000e+00 0.000000000000000000e+00
-1.936000000000000165e+00 1.699246705895783172e-08 -0.000000000000000000e+00 0.000000000000000000e+00
-1.892000000000000126e+00 1.660627462579969858e-08 -0.000000000000000000e+00 0.000000000000000000e+00
-1.848000000000000087e+00 1.622008219264156544e-08 -0.000000000000000000e+00 0.000000000000000000e+00
-1.804000000000000270e+00 1.583388975948343560e-08 -0.000000000000000000e+00 0.000000000000000000e+00
-1.760000000000000231e+00 1.544769732632530246e-08 -0.000000000000000000e+00 0.000000000000000000e+00
-1.716000000000000192e+00 1.506150489316716932e-08 -0.000000000000000000e+00 0.000000000000000000e+00
-1.672000000000000153e+00 1.467531246000903618e-08 -0.000000000000000000e+00 0.000000000000000000e+00
-1.628000000000000114e+00 1.428912002685090470e-08 -0.000000000000000000e+00 0.000000000000000000e+00
-1.584000000000000075e+00 1.390292759369277156e-08 -0.000000000000000000e+00 0.000000000000000000e+00
-1.540000000000000036e+00 1.351673516053463841e-08 -0.000000000000000000e+00 0.000000000000000000e+00
-1.495999999999999996e+00 1.313054272737650527e-08 -0.000000000000000000e+00 0.000000000000000000e+00
-1.451999999999999957e+00 1.274435029421837213e-08 -0.000000000000000000e+00 0.000000000000000000e+00
-1.408000000000000140e+00 1.235815786106024230e-08 -0.000000000000000000e+00 0.000000000000000000e+00
-1.364000000000000101e+00 1.197196542790210916e-08 -0.000000000000000000e+00 0.000000000000000000e+00
-1.320000000000000062e+00 1.158577299474397602e-08 -0.000000000000000000e+00 0.000000000000000000e+00
-1.276000000000000245e+00 1.119958056158584453e-08 -0.000000000000000000e+00 0.000000000000000000e+00
-1.232000000000000206e+00 1.081338812842771139e-08 -0.000000000000000000e+00 0.000000000000000000e+00
-1.188000000000000167e+00 1.042719569526957991e-08 -0.000000000000000000e+00 0.000000000000000000e+00
-1.144000000000000128e+00 1.004100326211144677e-08 -0.000000000000000000e+00 0.000000000000000000e+00
-1.100000000000000089e+00 9.654810828953313626e-09 -0.000000000000000000e+00 0.000000000000000000e+00
-1.056000000000000050e+00 9.268618395795180486e-09 -0.000000000000000000e+00 0.000000000000000000e+00
-1.012000000000000011e+00 8.882425962637047345e-09 -0.000000000000000000e+00 0.000000000000000000e+00
-9.679999999999999716e-01 8.496233529478914204e-09 -0.000000000000000000e+00 0.000000000000000000e+00
-9.240000000000001545e-01 8.110041096320784372e-09 -0.000000000000000000e+00 0.000000000000000000e+00
-8.800000000000001155e-01 7.723848663162651232e-09 -0.000000000000000000e+00 0.000000000000000000e+00
-8.360000000000000764e-01 7.337656230004518091e-09 -0.000000000000000000e+00 0.000000000000000000e+00
-7.920000000000000373e-01 6.951463796846385778e-09 -0.000000000000000000e+00 0.000000000000000000e+00
-7.479999999999999982e-01 6.565271363688252637e-09 -0.000000000000000000e+00 0.000000000000000000e+00
-7.039999999999999591e-01 6.179078930530119497e-09 -0.000000000000000000e+00 0.000000000000000000e+00
-6.599999999999999201e-01 5.792886497371987183e-09 -0.000000000000000000e+00 0.000000000000000000e+00
-6.160000000000001030e-01 5.406694064213855697e-09 -0.000000000000000000e+00 0.000000000000000000e+00
-5.720000000000000639e-01 5.020501631055723383e-09 -0.000000000000000000e+00 0.000000000000000000e+00
-5.280000000000000249e-01 4.634309197897590243e-09 -0.000000000000000000e+00 0.000000000000000000e+00
-4.839999999999999858e-01 4.248116764739457102e-09 -0.000000000000000000e+00 0.000000000000000000e+00
-4.399999999999999467e-01 3.861924331581324789e-09 -0.000000000000000000e+00 0.000000000000000000e+00
-3.959999999999999076e-01 3.475731898423191648e-09 -0.000000000000000000e+00 0.000000000000000000e+00
-3.520000000000000906e-01 3.089539465265060989e-09 -0.000000000000000000e+00 0.000000000000000000e+00
-3.080000000000000515e-01 2.703347032106927848e-09 -0.000000000000000000e+00 0.000000000000000000e+00
-2.640000000000000124e-01 2.317154598948795121e-09 -0.000000000000000000e+00 0.000000000000000000e+00
-2.199999999999999734e-01 1.930962165790662394e-09 -0.000000000000000000e+00 0.000000000000000000e+00
-1.760000000000001563e-01 1.544769732632531322e-09 -0.000000000000000000e+00 0.000000000000000000e+00
-1.320000000000001172e-01 1.158577299474398595e-09 -0.000000000000000000e+00 0.000000000000000000e+00
-8.800000000000007816e-02 7.723848663162656608e-10 -0.000000000000000000e+00 0.000000000000000000e+00
-4.400000000000003908e-02 3.861924331581328304e-10 -0.000000000000000000e+00 0.000000000000000000e+00
0.000000000000000000e+00 -0.000000000000000000e+00 -0.000000000000000000e+00 0.000000000000000000e+00
4.400000000000003908e-02 -3.861924331581328304e-10 -0.000000000000000000e+00 0.000000000000000000e+00
8.800000000000007816e-02 -7.723848663162656608e-10 -0.000000000000000000e+00 0.000000000000000000e+00
1.320000000000001172e-01 -1.158577299474398595e-09 -0.000000000000000000e+00 0.000000000000000000e+00
1.760000000000001563e-01 -1.544769732632531322e-09 -0.000000000000000000e+00 0.000000000000000000e+00
2.200000000000001954e-01 -1.930962165790664462e-09 -0.000000000000000000e+00 0.000000000000000000e+00
2.640000000000002345e-01 -2.317154598948797189e-09 -0.000000000000000000e+00 0.000000000000000000e+00
3.080000000000002736e-01 -2.703347032106929916e-09 -0.000000000000000000e+00 0.000000000000000000e+00
3.519999999999998685e-01 -3.089539465265058921e-09 -0.000000000000000000e+00 0.000000000000000000e+00
3.959999999999999076e-01 -3.475731898423191648e-09 -0.000000000000000000e+00 0.000000000000000000e+00
4.399999999999999467e-01 -3.861924331581324789e-09 -0.000000000000000000e+00 0.000000000000000000e+00
4.839999999999999858e-01 -4.248116764739457102e-09 -0.000000000000000000e+00 0.000000000000000000e+00
5.280000000000000249e-01 -4.634309197897590243e-09 -0.000000000000000000e+00 0.000000000000000000e+00
5.720000000000000639e-01 -5.020501631055723383e-09 -0.000000000000000000e+00 0.000000000000000000e+00
6.160000000000001030e-01 -5.406694064213855697e-09 -0.000000000000000000e+00 0.000000000000000000e+00
6.600000000000001421e-01 -5.792886497371988837e-09 -0.000000000000000000e+00 0.000000000000000000e+00
7.040000000000001812e-01 -6.179078930530121978e-09 -0.000000000000000000e+00 0.000000000000000000e+00
7.480000000000002203e-01 -6.565271363688254291e-09 -0.000000000000000000e+00 0.000000000000000000e+00
7.920000000000002593e-01 -6.951463796846387432e-09 -0.000000000000000000e+00 0.000000000000000000e+00
8.360000000000002984e-01 -7.337656230004520573e-09 -0.000000000000000000e+00 0.000000000000000000e+00
8.800000000000003375e-01 -7.723848663162652886e-09 -0.000000000000000000e+00 0.000000000000000000e+00
9.239999999999999325e-01 -8.110041096320782718e-09 -0.000000000000000000e+00 0.000000000000000000e+00
9.679999999999999716e-01 -8.496233529478914204e-09 -0.000000000000000000e+00 0.000000000000000000e+00
1.012000000000000011e+00 -8.882425962637047345e-09 -0.000000000000000000e+00 0.000000000000000000e+00
1.056000000000000050e+00 -9.268618395795180486e-09 -0.000000000000000000e+00 0.000000000000000000e+00
1.100000000000000089e+00 -9.654810828953313626e-09 -0.000000000000000000e+00 0.000000000000000000e+00
1.144000000000000128e+00 -1.004100326211144677e-08 -0.000000000000000000e+00 0.000000000000000000e+00
1.188000000000000167e+00 -1.042719569526957991e-08 -0.000000000000000000e+00 0.000000000000000000e+00
1.232000000000000206e+00 -1.081338812842771139e-08 -0.000000000000000000e+00 0.000000000000000000e+00
1.276000000000000245e+00 -1.119958056158584453e-08 -0.000000000000000000e+00 0.000000000000000000e+00
1.320000000000000284e+00 -1.158577299474397767e-08 -0.000000000000000000e+00 0.000000000000000000e+00
1.364000000000000323e+00 -1.197196542790211082e-08 -0.000000000000000000e+00 0.000000000000000000e+00
1.408000000000000362e+00 -1.235815786106024396e-08 -0.000000000000000000e+00 0.000000000000000000e+00
1.452000000000000401e+00 -1.274435029421837710e-08 -0.000000000000000000e+00 0.000000000000000000e+00
1.495999999999999996e+00 -1.313054272737650527e-08 -0.000000000000000000e+00 0.000000000000000000e+00
1.540000000000000036e+00 -1.351673516053463841e-08 -0.000000000000000000e+00 0.000000000000000000e+00
1.584000000000000075e+00 -1.390292759369277156e-08 -0.000000000000000000e+00 0.000000000000000000e+00
1.628000000000000114e+00 -1.428912002685090470e-08 -0.000000000000000000e+00 0.000000000000000000e+00
1.672000000000000153e+00 -1.467531246000903618e-08 -0.000000000000000000e+00 0.000000000000000000e+00
1.716000000000000192e+00 -1.506150489316716932e-08 -0.000000000000000000e+00 0.000000000000000000e+00
1.760000000000000231e+00 -1.544769732632530246e-08 -0.000000000000000000e+00 0.000000000000000000e+00
1.804000000000000270e+00 -1.583388975948343560e-08 -0.000000000000000000e+00 0.000000000000000000e+00
1.847999999999999865e+00 -1.622008219264156544e-08 -0.000000000000000000e+00 0.000000000000000000e+00
1.892000000000000348e+00 -1.660627462579970189e-08 -0.000000000000000000e+00 0.000000000000000000e+00
1.935999999999999943e+00 -1.699246705895782841e-08 -0.000000000000000000e+00 0.000000000000000000e+00
1.980000000000000426e+00 -1.737865949211596817e-08 -0.000000000000000000e+00 0.000000000000000000e+00
2.024000000000000021e+00 -1.776485192527409469e-08 -0.000000000000000000e+00 0.000000000000000000e+00
2.068000000000000504e+00 -1.815104435843223114e-08 -0.000000000000000000e+00 0.000000000000000000e+00
2.112000000000000099e+00 -1.853723679159036097e-08 -0.000000000000000000e+00 0.000000000000000000e+00
2.156000000000000583e+00 -1.892342922474849742e-08 -0.000000000000000000e+00 0.000000000000000000e+00
2.200000000000000178e+00 -1.930962165790662725e-08 -0.000000000000000000e+00 0.000000000000000000e+00
