-2.200000000000000178e+00 -3.308722450212110699e-24 1.656169676247750027e-09 -9.564275832644382491e-25
-2.156000000000000139e+00 -3.851559727200035111e-24 1.792851133096273451e-09 -1.121217470921486731e-24
-2.112000000000000099e+00 -4.297461776154401592e-24 1.942248449041630104e-09 -1.689904142051693258e-24
-2.068000000000000060e+00 -5.008320115067159750e-24 2.105358783048210809e-09 -1.983941000420152314e-24
-2.024000000000000021e+00 -5.318512844774545128e-24 2.283126970312858422e-09 -2.630175853977205185e-24
-1.980000000000000204e+00 -6.294327473645694963e-24 2.476374563921907557e-09 -3.024379114647007436e-24
-1.936000000000000165e+00 -7.573872483688659648e-24 2.685697646917049483e-09 -4.045430183267150972e-24
-1.892000000000000126e+00 -8.465676581597392610e-24 2.911323140983001754e-09 -4.749826173644338602e-24
-1.848000000000000087e+00 -1.059825159833566708e-23 3.152911507624635405e-09 -6.236166336825560205e-24
-1.804000000000000270e+00 -1.194242009373433706e-23 3.409293066215052866e-09 -7.522173695404095418e-24
-1.760000000000000231e+00 -1.503142269373704978e-23 3.678127664787993438e-09 -9.842156819673915225e-24
-1.716000000000000192e+00 -1.680210619248337465e-23 3.955487272210359768e-09 -1.249818206779340253e-23
-1.672000000000000153e+00 -2.080876228453710245e-23 4.235386391081758308e-09 -1.561949641047396789e-23
-1.628000000000000114e+00 -2.425965640253176478e-23 4.509341726736772603e-09 -2.021422621926461380e-23
-1.584000000000000075e+00 -2.908056841006737919e-23 4.766159497282977064e-09 -2.556505080671701158e-23
-1.540000000000000036e+00 -3.567216391634931848e-23 4.992377687175412226e-09 -3.364298647618017246e-23
-1.495999999999999996e+00 -4.236715699920038622e-23 5.174213207180072317e-09 -4.213451245191984719e-23
-1.451999999999999957e+00 -5.034169509209441865e-23 5.302576858818812738e-09 -5.390891148372935050e-23
-1.408000000000000140e+00 -5.742442908707971812e-23 5.383707145290423746e-09 -6.735059643771605021e-23
-1.364000000000000101e+00 -6.529556960340462209e-23 5.458594525853585522e-09 -8.349354307957123093e-23
-1.320000000000000062e+00 -7.158989707705031705e-23 5.631757515010737418e-09 -1.002439504837700413e-22
-1.276000000000000245e+00 -7.690194757328929165e-23 6.095564784238198198e-09 -1.142543221088869476e-22
-1.232000000000000206e+00 -7.170621935069058657e-23 7.094805590236546594e-09 -1.181834300185138290e-22
-1.188000000000000167e+00 -5.725640802515488437e-23 8.717338138212430431e-09 -1.044574017289620261e-22
-1.144000000000000128e+00 -3.467696224187145706e-23 1.048993243759429997e-08 -6.565746112139657169e-23
-1.100000000000000089e+00 -4.446095792472523752e-24 1.132397396341375949e-08 -8.737095220091354816e-24
-1.056000000000000050e+00 2.590109293056667907e-23 1.055903748655700562e-08 4.872610795820178647e-23
-1.012000000000000011e+00 4.841591522849440109e-23 8.853857833012747217e-09 8.729340401848670181e-23
-9.679999999999999716e-01 6.304667231302607809e-23 7.295367656326056345e-09 1.014330226143150186e-22
-9.240000000000001545e-01 6.524387081512005786e-23 6.355132943709805807e-09 9.566860772058610702e-23
-8.800000000000001155e-01 6.252968443018043580e-23 5.943660179318767655e-09 8.145144094233094386e-23
-8.360000000000000764e-01 5.640337801845957458e-23 5.814566261216078749e-09 6.483028050884354402e-23
-7.920000000000000373e-01 4.870025856405950436e-23 5.773945025544058576e-09 4.870025856405950436e-23
-7.479999999999999982e-01 4.073864516823661299e-23 5.715813669437576270e-09 3.355251359668218506e-23
-7.039999999999999591e-01 3.481913390965400869e-23 5.597809017815535019e-09 2.181688865608610492e-23
-6.599999999999999201e-01 2.683167111968883520e-23 5.412430632337973276e-09 1.261450434143367204e-23
-6.160000000000001030e-01 2.235972593307402934e-23 5.167635786235529379e-09 4.290999427618831063e-24
-5.720000000000000639e-01 1.930949742428473979e-23 4.876224040553477866e-09 -2.016252743098004957e-24
-5.280000000000000249e-01 1.690550376905250311e-23 4.550838996684075769e-09 -5.531770346448372576e-24
-4.839999999999999858e-01 1.313149222427931434e-23 4.202035435575668211e-09 -8.892191584945047505e-24
-4.399999999999999467e-01 1.333828737741757126e-23 3.837848283619317321e-09 -1.220091403515715820e-23
-3.959999999999999076e-01 1.145128160503097687e-23 3.464012838787498547e-09 -1.395867283683234201e-23
-3.520000000000000906e-01 1.186487191130749071e-23 3.084408370053476068e-09 -1.525114254394644776e-23
-3.080000000000000515e-01 1.209751645858802974e-23 2.701526116436986058e-09 -1.401037162511690624e-23
-2.640000000000000124e-01 1.346753434812898183e-23 2.316879675744512457e-09 -1.478585344938536969e-23
-2.199999999999999734e-01 1.359678131884039241e-23 1.931332398766156852e-09 -1.535454012051557621e-23
-1.760000000000001563e-01 1.494094981423906238e-23 1.545341957077172200e-09 -1.426886556653972739e-23
-1.320000000000001172e-01 1.726739528704445271e-23 1.159132479329644759e-09 -1.468245587281624123e-23
-8.800000000000007816e-02 1.819797347616660885e-23 7.728077428140217136e-10 -1.235601040001085089e-23
-4.400000000000003908e-02 1.949044318328071459e-23 3.864189894235182311e-10 -1.251110676486454358e-23
0.000000000000000000e+00 2.078291289039482033e-23 1.168392615231151591e-23 -1.106354069289674515e-23
4.400000000000003908e-02 2.223047896236261876e-23 -3.864189894234946565e-10 -9.771070985782639409e-24
8.800000000000007816e-02 2.290256321006195375e-23 -7.728077428139972084e-10 -8.478601278668533667e-24
1.320000000000001172e-01 2.450522564688344487e-23 -1.159132479329621598e-09 -7.625571271973223878e-24
1.760000000000001563e-01 2.445352685859888064e-23 -1.545341957077148832e-09 -7.548023089546377533e-24
2.200000000000001954e-01 2.559090020085929369e-23 -1.931332398766136586e-09 -7.392926724692684844e-24
2.640000000000002345e-01 2.693506869625796366e-23 -2.316879675744495086e-09 -7.703119454400070222e-24
3.080000000000002736e-01 2.796904446194924826e-23 -2.701526116436969515e-09 -8.685396431806790586e-24
3.519999999999998685e-01 2.750375536738817019e-23 -3.084408370053457043e-09 -8.995589161514175964e-24
3.959999999999999076e-01 2.802074325023381249e-23 -3.464012838787486553e-09 -1.119278766360815573e-23
4.399999999999999467e-01 2.833093597994119786e-23 -3.837848283619313185e-09 -1.282129949457192896e-23
4.839999999999999858e-01 2.827923719165663363e-23 -4.202035435575672347e-09 -1.632389240085115552e-23
5.280000000000000249e-01 2.750375536738817019e-23 -4.550838996684099757e-09 -1.761636210796526126e-23
5.720000000000000639e-01 2.714186384939622058e-23 -4.876224040553527497e-09 -2.024007561340689592e-23
6.160000000000001030e-01 2.590109293056667907e-23 -5.167635786235625332e-09 -2.131282547031160369e-23
6.600000000000001421e-01 2.512561110629821562e-23 -5.412430632338136230e-09 -2.135159956152502686e-23
7.040000000000001812e-01 2.150669592637871955e-23 -5.597809017815798062e-09 -1.991049583809279896e-23
7.480000000000002203e-01 1.912855166528876498e-23 -5.715813669437998132e-09 -1.339644851423770602e-23
7.920000000000002593e-01 1.535454012051557621e-23 -5.773945025544738518e-09 -3.024379114647007436e-24
8.360000000000002984e-01 9.641824015071228835e-24 -5.814566261217143330e-09 1.314441692135045540e-23
8.800000000000003375e-01 3.980806697911445685e-24 -5.943660179320385620e-09 3.542013232346206786e-23
9.239999999999999325e-01 -8.788794008375919046e-25 -6.355132943712214557e-09 6.003521789545021172e-23
9.679999999999999716e-01 -5.040631857745012394e-24 -7.295367656329525541e-09 7.961613395822891371e-23
1.012000000000000011e+00 -6.229703988289989676e-24 -8.853857833017417479e-09 8.267282481555377379e-23
1.056000000000000050e+00 -1.706060013390619579e-24 -1.055903748656271812e-08 6.057159282390256560e-23
1.100000000000000089e+00 6.190929897076566504e-24 -1.132397396341989883e-08 1.731909407532901694e-23
1.144000000000000128e+00 1.416546798997059893e-23 -1.048993243760001414e-08 -2.616604922052507075e-23
1.188000000000000167e+00 1.845646741758943000e-23 -8.717338138217102347e-09 -4.845468931970782427e-23
1.232000000000000206e+00 1.729324468118673483e-23 -7.094805590240014963e-09 -4.485193001112725451e-23
1.276000000000000245e+00 1.359678131884039241e-23 -6.095564784240614392e-09 -2.516761637177942406e-23
1.320000000000000284e+00 8.168408548961148289e-24 -5.631757515012358692e-09 -5.783801939335623195e-25
1.364000000000000323e+00 4.652890945610780671e-24 -5.458594525854644313e-09 2.211738786299013451e-23
1.408000000000000362e+00 -1.240770918829541512e-24 -5.383707145291111961e-09 3.804061465463591725e-23
1.452000000000000401e+00 -3.967882000840304628e-24 -5.302576858819247007e-09 4.887151080025212337e-23
1.495999999999999996e+00 -6.009984138080591700e-24 -5.174213207180346941e-09 5.443559288937834859e-23
1.540000000000000036e+00 -8.362279005028264151e-24 -4.992377687175576835e-09 5.648415737515420619e-23
1.584000000000000075e+00 -9.435028861932971917e-24 -4.766159497283078807e-09 5.553742331469312373e-23
1.628000000000000114e+00 -9.098986738083304424e-24 -4.509341726736829678e-09 5.396707262054948526e-23
1.672000000000000153e+00 -8.698321128877931644e-24 -4.235386391081788913e-09 5.018013637870515543e-23
1.716000000000000192e+00 -9.331631285363843457e-24 -3.955487272210373002e-09 4.656768354732122988e-23
1.760000000000000231e+00 -8.478601278668533667e-24 -3.678127664787997161e-09 4.230576468811246620e-23
1.804000000000000270e+00 -7.961613395822891371e-24 -3.409293066215050798e-09 3.880640295610102490e-23
1.847999999999999865e+00 -7.599721877830941763e-24 -3.152911507624628374e-09 3.492414707335702978e-23
1.892000000000000348e+00 -6.488197929712810825e-24 -2.911323140982994309e-09 3.131330982910699686e-23
1.935999999999999943e+00 -6.165080502934284389e-24 -2.685697646917043280e-09 2.831962687000394944e-23
1.980000000000000426e+00 -6.035833532222873815e-24 -2.476374563921898872e-09 2.533402184657036518e-23
2.024000000000000021e+00 -5.389598678665820944e-24 -2.283126970312850564e-09 2.272646421246765684e-23
2.068000000000000504e+00 -5.286201102096692485e-24 -2.105358783048201710e-09 2.036286023558273596e-23
2.112000000000000099e+00 -4.484869883685946925e-24 -1.942248449041623487e-09 1.829167752993238151e-23
2.156000000000000583e+00 -4.071279577409433087e-24 -1.792851133096265386e-09 1.661792925921961458e-23
2.200000000000000178e+00 -3.722312756488624537e-24 -1.656169676247744444e-09 1.472769231256523493e-23
