-2.200000000000000178e+00 -0.000000000000000000e+00 1.930962165790591257e-08 0.000000000000000000e+00
-2.156000000000000139e+00 -0.000000000000000000e+00 1.892342922474779597e-08 0.000000000000000000e+00
-2.112000000000000099e+00 -0.000000000000000000e+00 1.853723679158967607e-08 0.000000000000000000e+00
-2.068000000000000060e+00 -0.000000000000000000e+00 1.815104435843155947e-08 0.000000000000000000e+00
-2.024000000000000021e+00 -0.000000000000000000e+00 1.776485192527343956e-08 0.000000000000000000e+00
-1.980000000000000204e+00 -0.000000000000000000e+00 1.737865949211532297e-08 0.000000000000000000e+00
-1.936000000000000165e+00 -0.000000000000000000e+00 1.699246705895720306e-08 0.000000000000000000e+00
-1.892000000000000126e+00 -0.000000000000000000e+00 1.660627462579908646e-08 0.000000000000000000e+00
-1.848000000000000087e+00 -0.000000000000000000e+00 1.622008219264096656e-08 0.000000000000000000e+00
-1.804000000000000270e+00 -0.000000000000000000e+00 1.583388975948284996e-08 0.000000000000000000e+00
-1.760000000000000231e+00 -0.000000000000000000e+00 1.544769732632473336e-08 0.000000000000000000e+00
-1.716000000000000192e+00 -0.000000000000000000e+00 1.506150489316661346e-08 0.000000000000000000e+00
-1.672000000000000153e+00 -0.000000000000000000e+00 1.467531246000849521e-08 0.000000000000000000e+00
-1.628000000000000114e+00 -0.000000000000000000e+00 1.428912002685037530e-08 0.000000000000000000e+00
-1.584000000000000075e+00 -0.000000000000000000e+00 1.390292759369225705e-08 0.000000000000000000e+00
-1.540000000000000036e+00 -0.000000000000000000e+00 1.351673516053413880e-08 0.000000000000000000e+00
-1.495999999999999996e+00 -0.000000000000000000e+00 1.313054272737602055e-08 0.000000000000000000e+00
-1.451999999999999957e+00 -0.000000000000000000e+00 1.274435029421790230e-08 0.000000000000000000e+00
-1.408000000000000140e+00 -0.000000000000000000e+00 1.235815786105978570e-08 0.000000000000000000e+00
-1.364000000000000101e+00 -0.000000000000000000e+00 1.197196542790166579e-08 0.000000000000000000e+00
-1.320000000000000062e+00 -0.000000000000000000e+00 1.158577299474354754e-08 0.000000000000000000e+00
-1.276000000000000245e+00 -0.000000000000000000e+00 1.119958056158543094e-08 0.000000000000000000e+00
-1.232000000000000206e+00 -0.000000000000000000e+00 1.081338812842731269e-08 0.000000000000000000e+00
-1.188000000000000167e+00 -0.000000000000000000e+00 1.042719569526919444e-08 0.000000000000000000e+00
-1.144000000000000128e+00 -0.000000000000000000e+00 1.004100326211107619e-08 0.000000000000000000e+00
-1.100000000000000089e+00 -0.000000000000000000e+00 9.654810828952956284e-09 0.000000000000000000e+00
-1.056000000000000050e+00 -0.000000000000000000e+00 9.268618395794838033e-09 0.000000000000000000e+00
-1.012000000000000011e+00 -0.000000000000000000e+00 8.882425962636719781e-09 0.000000000000000000e+00
-9.679999999999999716e-01 -0.000000000000000000e+00 8.496233529478601530e-09 0.000000000000000000e+00
-9.240000000000001545e-01 -0.000000000000000000e+00 8.110041096320484933e-09 0.000000000000000000e+00
-8.800000000000001155e-01 -0.000000000000000000e+00 7.723848663162366682e-09 0.000000000000000000e+00
-8.360000000000000764e-01 -0.000000000000000000e+00 7.337656230004247603e-09 0.000000000000000000e+00
-7.920000000000000373e-01 -0.000000000000000000e+00 6.951463796846128525e-09 0.000000000000000000e+00
-7.479999999999999982e-01 -0.000000000000000000e+00 6.565271363688010273e-09 0.000000000000000000e+00
-7.039999999999999591e-01 -0.000000000000000000e+00 6.179078930529891195e-09 0.000000000000000000e+00
-6.599999999999999201e-01 -0.000000000000000000e+00 5.792886497371772943e-09 0.000000000000000000e+00
-6.160000000000001030e-01 -0.000000000000000000e+00 5.406694064213656346e-09 0.000000000000000000e+00
-5.720000000000000639e-01 -0.000000000000000000e+00 5.020501631055538095e-09 0.000000000000000000e+00
-5.280000000000000249e-01 -0.000000000000000000e+00 4.634309197897419016e-09 0.000000000000000000e+00
-4.839999999999999858e-01 -0.000000000000000000e+00 4.248116764739300765e-09 0.000000000000000000e+00
-4.399999999999999467e-01 -0.000000000000000000e+00 3.861924331581181686e-09 0.000000000000000000e+00
-3.959999999999999076e-01 -0.000000000000000000e+00 3.475731898423063435e-09 0.000000000000000000e+00
-3.520000000000000906e-01 -0.000000000000000000e+00 3.089539465264946838e-09 0.000000000000000000e+00
-3.080000000000000515e-01 -0.000000000000000000e+00 2.703347032106828173e-09 0.000000000000000000e+00
-2.640000000000000124e-01 -0.000000000000000000e+00 2.317154598948709508e-09 0.000000000000000000e+00
-2.199999999999999734e-01 -0.000000000000000000e+00 1.930962165790590843e-09 0.000000000000000000e+00
-1.760000000000001563e-01 -0.000000000000000000e+00 1.544769732632474453e-09 0.000000000000000000e+00
-1.320000000000001172e-01 -0.000000000000000000e+00 1.158577299474355788e-09 0.000000000000000000e+00
-8.800000000000007816e-02 -0.000000000000000000e+00 7.723848663162372265e-10 0.000000000000000000e+00
-4.400000000000003908e-02 -0.000000000000000000e+00 3.861924331581186133e-10 0.000000000000000000e+00
0.000000000000000000e+00 -0.000000000000000000e+00 -0.000000000000000000e+00 0.000000000000000000e+00
4.400000000000003908e-02 -0.000000000000000000e+00 -3.861924331581186133e-10 0.000000000000000000e+00
8.800000000000007816e-02 -0.000000000000000000e+00 -7.723848663162372265e-10 0.000000000000000000e+00
1.320000000000001172e-01 -0.000000000000000000e+00 -1.158577299474355788e-09 0.000000000000000000e+00
1.760000000000001563e-01 -0.000000000000000000e+00 -1.544769732632474453e-09 0.000000000000000000e+00
2.200000000000001954e-01 -0.000000000000000000e+00 -1.930962165790592911e-09 0.000000000000000000e+00
2.640000000000002345e-01 -0.000000000000000000e+00 -2.317154598948711576e-09 0.000000000000000000e+00
3.080000000000002736e-01 -0.000000000000000000e+00 -2.703347032106830241e-09 0.000000000000000000e+00
3.519999999999998685e-01 -0.000000000000000000e+00 -3.089539465264944770e-09 0.000000000000000000e+00
3.959999999999999076e-01 -0.000000000000000000e+00 -3.475731898423063435e-09 0.000000000000000000e+00
4.399999999999999467e-01 -0.000000000000000000e+00 -3.861924331581181686e-09 0.000000000000000000e+00
4.839999999999999858e-01 -0.000000000000000000e+00 -4.248116764739300765e-09 0.000000000000000000e+00
5.280000000000000249e-01 -0.000000000000000000e+00 -4.634309197897419016e-09 0.000000000000000000e+00
5.720000000000000639e-01 -0.000000000000000000e+00 -5.020501631055538095e-09 0.000000000000000000e+00
6.160000000000001030e-01 -0.000000000000000000e+00 -5.406694064213656346e-09 0.000000000000000000e+00
6.600000000000001421e-01 -0.000000000000000000e+00 -5.792886497371774598e-09 0.000000000000000000e+00
7.040000000000001812e-01 -0.000000000000000000e+00 -6.179078930529893676e-09 0.000000000000000000e+00
7.480000000000002203e-01 -0.000000000000000000e+00 -6.565271363688011928e-09 0.000000000000000000e+00
7.920000000000002593e-01 -0.000000000000000000e+00 -6.951463796846131006e-09 0.000000000000000000e+00
8.360000000000002984e-01 -0.000000000000000000e+00 -7.337656230004249257e-09 0.000000000000000000e+00
8.800000000000003375e-01 -0.000000000000000000e+00 -7.723848663162368336e-09 0.000000000000000000e+00
9.239999999999999325e-01 -0.000000000000000000e+00 -8.110041096320483279e-09 0.000000000000000000e+00
9.679999999999999716e-01 -0.000000000000000000e+00 -8.496233529478601530e-09 0.000000000000000000e+00
1.012000000000000011e+00 -0.000000000000000000e+00 -8.882425962636719781e-09 0.000000000000000000e+00
1.056000000000000050e+00 -0.000000000000000000e+00 -9.268618395794838033e-09 0.000000000000000000e+00
1.100000000000000089e+00 -0.000000000000000000e+00 -9.654810828952956284e-09 0.000000000000000000e+00
1.144000000000000128e+00 -0.000000000000000000e+00 -1.004100326211107619e-08 0.000000000000000000e+00
1.188000000000000167e+00 -0.000000000000000000e+00 -1.042719569526919444e-08 0.000000000000000000e+00
1.232000000000000206e+00 -0.000000000000000000e+00 -1.081338812842731269e-08 0.000000000000000000e+00
1.276000000000000245e+00 -0.000000000000000000e+00 -1.119958056158543094e-08 0.000000000000000000e+00
1.320000000000000284e+00 -0.000000000000000000e+00 -1.158577299474354920e-08 0.000000000000000000e+00
1.364000000000000323e+00 -0.000000000000000000e+00 -1.197196542790166910e-08 0.000000000000000000e+00
1.408000000000000362e+00 -0.000000000000000000e+00 -1.235815786105978735e-08 0.000000000000000000e+00
1.452000000000000401e+00 -0.000000000000000000e+00 -1.274435029421790560e-08 0.000000000000000000e+00
1.495999999999999996e+00 -0.000000000000000000e+00 -1.313054272737602055e-08 0.000000000000000000e+00
1.540000000000000036e+00 -0.000000000000000000e+00 -1.351673516053413880e-08 0.000000000000000000e+00
1.584000000000000075e+00 -0.000000000000000000e+00 -1.390292759369225705e-08 0.000000000000000000e+00
1.628000000000000114e+00 -0.000000000000000000e+00 -1.428912002685037530e-08 0.000000000000000000e+00
1.672000000000000153e+00 -0.000000000000000000e+00 -1.467531246000849521e-08 0.000000000000000000e+00
1.716000000000000192e+00 -0.000000000000000000e+00 -1.506150489316661346e-08 0.000000000000000000e+00
1.760000000000000231e+00 -0.000000000000000000e+00 -1.544769732632473336e-08 0.000000000000000000e+00
1.804000000000000270e+00 -0.000000000000000000e+00 -1.583388975948284996e-08 0.000000000000000000e+00
1.847999999999999865e+00 -0.000000000000000000e+00 -1.622008219264096656e-08 0.000000000000000000e+00
1.892000000000000348e+00 -0.000000000000000000e+00 -1.660627462579908646e-08 0.000000000000000000e+00
1.935999999999999943e+00 -0.000000000000000000e+00 -1.699246705895720306e-08 0.000000000000000000e+00
1.980000000000000426e+00 -0.000000000000000000e+00 -1.737865949211532627e-08 0.000000000000000000e+00
2.024000000000000021e+00 -0.000000000000000000e+00 -1.776485192527343956e-08 0.000000000000000000e+00
2.068000000000000504e+00 -0.000000000000000000e+00 -1.815104435843156278e-08 0.000000000000000000e+00
2.112000000000000099e+00 -0.000000000000000000e+00 -1.853723679158967607e-08 0.000000000000000000e+00
2.156000000000000583e+00 -0.000000000000000000e+00 -1.892342922474779928e-08 0.000000000000000000e+00
2.200000000000000178e+00 -0.000000000000000000e+00 -1.930962165790591257e-08 0.000000000000000000e+00
