-2.200000000000000178e+00 9.305781891221561342e-24 -1.912855166528876498e-24 -3.389154813239374263e-09
-2.156000000000000139e+00 1.028805886862828171e-23 -2.533240625943647254e-24 -3.667500122431109999e-09
-2.112000000000000099e+00 1.220091403515715820e-23 -2.378144261089954565e-24 -3.971397318332533970e-09
-2.068000000000000060e+00 1.333828737741757126e-23 -2.843433355651032632e-24 -4.302771010113798724e-09
-2.024000000000000021e+00 1.519944375566188353e-23 -3.722312756488624537e-24 -4.663417952827104996e-09
-1.980000000000000204e+00 1.706060013390619579e-23 -4.549493369041652212e-24 -5.054861604495738364e-09
-1.936000000000000165e+00 1.902515408871963652e-23 -5.480071558163808346e-24 -5.478145054446732952e-09
-1.892000000000000126e+00 2.150669592637871955e-23 -6.514047323855092940e-24 -5.933542611342966612e-09
-1.848000000000000087e+00 2.419503291717605949e-23 -7.754818242684634452e-24 -6.420166723172042060e-09
-1.804000000000000270e+00 2.791734567366468403e-23 -8.892191584945047505e-24 -6.935444912082595878e-09
-1.760000000000000231e+00 3.143286327701505165e-23 -1.013296250377458902e-23 -7.474443830513515368e-09
-1.716000000000000192e+00 3.432799542095064851e-23 -1.323488980084844280e-23 -8.029029677607055984e-09
-1.672000000000000153e+00 3.949787424940707148e-23 -1.509604617909275507e-23 -8.586885608526800423e-09
-1.628000000000000114e+00 4.570172884355477904e-23 -1.757758801675183809e-23 -9.130473736648262008e-09
-1.584000000000000075e+00 5.087160767201120200e-23 -2.233387653893174722e-23 -9.636157720837935328e-09
-1.540000000000000036e+00 5.500751073477634038e-23 -2.688336990797339943e-23 -1.007392756408800151e-08
-1.495999999999999996e+00 6.121136532892404794e-23 -3.019209235818551013e-23 -1.040852602233956113e-08
-1.451999999999999957e+00 6.700162961679524166e-23 -3.515517603350367618e-23 -1.060325273909362632e-08
-1.408000000000000140e+00 7.279189390466643539e-23 -4.011825970882184223e-23 -1.062811651022506082e-08
-1.364000000000000101e+00 7.444625512977249074e-23 -4.384057246531046677e-23 -1.047361077272159182e-08
-1.320000000000000062e+00 7.527343574232551841e-23 -4.797647552807560514e-23 -1.016854291272622482e-08
-1.276000000000000245e+00 7.031035206700735236e-23 -4.714929491552257747e-23 -9.792764363232350918e-09
-1.232000000000000206e+00 6.162495563520056178e-23 -4.590852399669303596e-23 -9.464636226812924447e-09
-1.188000000000000167e+00 4.508134338414000828e-23 -3.805030817743927304e-23 -9.284651925143769346e-09
-1.144000000000000128e+00 2.460862322345257333e-23 -2.522900868286734408e-23 -9.261497761911242028e-09
-1.100000000000000089e+00 2.972680326362443207e-25 -9.583662878251094077e-24 -9.313618548833516408e-09
-1.056000000000000050e+00 -2.378144261089954565e-23 6.203854594147707562e-24 -9.385564050716167650e-09
-1.012000000000000011e+00 -4.425416277158698061e-23 1.861156378244312268e-23 -9.529610061438543594e-09
-9.679999999999999716e-01 -6.038418471637102027e-23 2.646977960169688560e-23 -9.824150959327915722e-09
-9.240000000000001545e-01 -6.948317145445432469e-23 2.895132143935596862e-23 -1.025736838817682339e-08
-8.800000000000001155e-01 -7.444625512977249074e-23 2.729696021424991327e-23 -1.072568353195509507e-08
-8.360000000000000764e-01 -7.279189390466643539e-23 2.316105715148477490e-23 -1.110771811111671889e-08
-7.920000000000000373e-01 -7.196471329211340771e-23 1.943874439499615036e-23 -1.132069731903270498e-08
-7.479999999999999982e-01 -6.782881022934826934e-23 1.323488980084844280e-23 -1.133301362592057039e-08
-7.039999999999999591e-01 -5.955700410381799259e-23 8.271806125530276749e-24 -1.115152925463815640e-08
-6.599999999999999201e-01 -5.624828165360588189e-23 3.722312756488624537e-24 -1.080378151032467997e-08
-6.160000000000001030e-01 -5.128519797828771584e-23 4.135903062765138374e-25 -1.032424268437666583e-08
-5.720000000000000639e-01 -4.549493369041652212e-23 -4.342698215903395293e-24 -9.746202565729286952e-09
-5.280000000000000249e-01 -4.032505486196009915e-23 -6.410649747285964480e-24 -9.097997153717293152e-09
-4.839999999999999858e-01 -3.515517603350367618e-23 -8.271806125530276749e-24 -8.401911962717505485e-09
-4.399999999999999467e-01 -3.267363419584459316e-23 -1.096014311632761669e-23 -7.674482665471125200e-09
-3.959999999999999076e-01 -2.977850205190899630e-23 -1.189072130544977283e-23 -6.927392501785057387e-09
-3.520000000000000906e-01 -2.729696021424991327e-23 -1.251110676486454358e-23 -6.168523492455542052e-09
-3.080000000000000515e-01 -2.429843049374518795e-23 -1.261450434143367204e-23 -5.402943899018206055e-09
-2.640000000000000124e-01 -2.212708138579349030e-23 -1.261450434143367204e-23 -4.633742568665809618e-09
-2.199999999999999734e-01 -2.016252743098004957e-23 -1.220091403515715820e-23 -3.862687773897363839e-09
-1.760000000000001563e-01 -1.933534681842702190e-23 -1.178732372888064437e-23 -3.090719910769204419e-09
-1.320000000000001172e-01 -1.809457589959748039e-23 -1.142543221088869476e-23 -2.318300393543477164e-09
-8.800000000000007816e-02 -1.747419044018270963e-23 -9.305781891221561342e-24 -1.545642878515425514e-09
-4.400000000000003908e-02 -1.571643163850752582e-23 -8.375203702099405208e-24 -7.728528224914755771e-10
0.000000000000000000e+00 -1.540623890880014044e-23 -7.134432783269863696e-24 -3.174305600672243702e-23
4.400000000000003908e-02 -1.535454012051557621e-23 -5.428372769879244116e-24 7.728528224914115740e-10
8.800000000000007816e-02 -1.375187768369408509e-23 -2.946830932220161092e-24 1.545642878515362648e-09
1.320000000000001172e-01 -1.318319101256387857e-23 -1.964553954813440728e-24 2.318300393543413885e-09
1.760000000000001563e-01 -1.349338374227126395e-23 1.344168495398669972e-24 3.090719910769144862e-09
2.200000000000001954e-01 -1.199411888201890129e-23 3.515517603350367618e-24 3.862687773897306764e-09
2.640000000000002345e-01 -1.111523948118130938e-23 5.945360652724886413e-24 4.633742568665755851e-09
3.080000000000002736e-01 -1.013296250377458902e-23 8.995589161514175964e-24 5.402943899018148152e-09
3.519999999999998685e-01 -1.018466129205915325e-23 1.245940797657997935e-23 6.168523492455486631e-09
3.959999999999999076e-01 -9.512577044359818261e-24 1.613002194478403966e-23 6.927392501785006929e-09
4.399999999999999467e-01 -9.977866138920896328e-24 2.104140683181764148e-23 7.674482665471078878e-09
4.839999999999999858e-01 -9.874468562351767869e-24 2.528070747115190831e-23 8.401911962717457509e-09
5.280000000000000249e-01 -1.173562494059608014e-23 3.174305600672243702e-23 9.097997153717240212e-09
5.720000000000000639e-01 -1.276960070628736473e-23 3.696463362346342422e-23 9.746202565729230704e-09
6.160000000000001030e-01 -1.628511830963773235e-23 4.797647552807560514e-23 1.032424268437660627e-08
6.600000000000001421e-01 -1.974893712470353574e-23 5.500751073477634038e-23 1.080378151032461214e-08
7.040000000000001812e-01 -2.564259898914385792e-23 6.581255748625026438e-23 1.115152925463807368e-08
7.480000000000002203e-01 -3.153626085358418010e-23 7.677270060257788107e-23 1.133301362592043142e-08
7.920000000000002593e-01 -4.197941608706615450e-23 8.587168734066118550e-23 1.132069731903256932e-08
8.360000000000002984e-01 -4.761458401008365553e-23 9.372990315991494841e-23 1.110771811111651375e-08
8.800000000000003375e-01 -5.661017317159783150e-23 1.001922516954854771e-22 1.072568353195484692e-08
9.239999999999999325e-01 -5.981549804524081374e-23 9.936507108293244944e-23 1.025736838817650079e-08
9.679999999999999716e-01 -5.810943803185019416e-23 9.150685526367868653e-23 9.824150959327536873e-09
1.012000000000000011e+00 -4.826081886364070841e-23 7.323133360508523134e-23 9.529610061438085336e-09
1.056000000000000050e+00 -3.034718872303920282e-23 4.208281366363528296e-23 9.385564050715656453e-09
1.100000000000000089e+00 -6.785465962349055145e-24 4.678740339753062786e-24 9.313618548832985358e-09
1.144000000000000128e+00 1.690550376905250311e-23 -3.231174267785264355e-23 9.261497761910730830e-09
1.188000000000000167e+00 3.484498330379629080e-23 -6.395140110800595211e-23 9.284651925143311088e-09
1.232000000000000206e+00 4.479700004857490502e-23 -8.227862155488397153e-23 9.464636226812547253e-09
1.276000000000000245e+00 4.567587944941249692e-23 -9.091231919840619789e-23 9.792764363232043207e-09
1.320000000000000284e+00 4.141072941593594797e-23 -9.246328284694312478e-23 1.016854291272598328e-08
1.364000000000000323e+00 3.414704966195467370e-23 -8.672471734735649529e-23 1.047361077272142970e-08
1.408000000000000362e+00 2.463447261759485544e-23 -7.641080908458593147e-23 1.062811651022494832e-08
1.452000000000000401e+00 1.809457589959748039e-23 -6.780296083520598722e-23 1.060325273909353202e-08
1.495999999999999996e+00 1.090844432804305246e-23 -5.829038379084616896e-23 1.040852602233948173e-08
1.540000000000000036e+00 4.885535492891319705e-24 -4.916554765862058243e-23 1.007392756408794361e-08
1.584000000000000075e+00 8.271806125530276749e-25 -4.174677153978561547e-23 9.636157720837893969e-09
1.628000000000000114e+00 -2.920981538077878977e-24 -3.182060418914928337e-23 9.130473736648228920e-09
1.672000000000000153e+00 -4.394397004187959523e-24 -2.786564688538011980e-23 8.586885608526773953e-09
1.716000000000000192e+00 -6.152155805863143332e-24 -2.233387653893174722e-23 8.029029677607034477e-09
1.760000000000000231e+00 -6.307252170716836021e-24 -1.915440105943104710e-23 7.474443830513497170e-09
1.804000000000000270e+00 -7.315378542265838500e-24 -1.538038951465785833e-23 6.935444912082584297e-09
1.847999999999999865e+00 -6.927637630131606777e-24 -1.238185979415313301e-23 6.420166723172033788e-09
1.892000000000000348e+00 -6.927637630131606777e-24 -1.008126371549002479e-23 5.933542611342955032e-09
1.935999999999999943e+00 -6.798390659420196203e-24 -8.530300066953097897e-24 5.478145054446725508e-09
1.980000000000000426e+00 -6.074607623436296987e-24 -6.617444900424221399e-24 5.054861604495732574e-09
2.024000000000000021e+00 -5.286201102096692485e-24 -5.751490196657770552e-24 4.663417952827100033e-09
2.068000000000000504e+00 -5.531770346448372576e-24 -4.807987310464473360e-24 4.302771010113790452e-09
2.112000000000000099e+00 -5.040631857745012394e-24 -4.135903062765138374e-24 3.971397318332529834e-09
2.156000000000000583e+00 -4.730439128037627016e-24 -2.817583961508750518e-24 3.667500122431105449e-09
2.200000000000000178e+00 -3.657689271132919250e-24 -2.520315928872506197e-24 3.389154813239370954e-09
