-2.200000000000000178e+00 -0.000000000000000000e+00 -0.000000000000000000e+00 -3.861924331581325450e-08
-2.156000000000000139e+00 -0.000000000000000000e+00 -0.000000000000000000e+00 -3.784685844949698822e-08
-2.112000000000000099e+00 -0.000000000000000000e+00 -0.000000000000000000e+00 -3.707447358318072194e-08
-2.068000000000000060e+00 -0.000000000000000000e+00 -0.000000000000000000e+00 -3.630208871686445566e-08
-2.024000000000000021e+00 -0.000000000000000000e+00 -0.000000000000000000e+00 -3.552970385054818938e-08
-1.980000000000000204e+00 -0.000000000000000000e+00 -0.000000000000000000e+00 -3.475731898423192972e-08
-1.936000000000000165e+00 -0.000000000000000000e+00 -0.000000000000000000e+00 -3.398493411791566343e-08
-1.892000000000000126e+00 -0.000000000000000000e+00 -0.000000000000000000e+00 -3.321254925159939715e-08
-1.848000000000000087e+00 -0.000000000000000000e+00 -0.000000000000000000e+00 -3.244016438528313087e-08
-1.804000000000000270e+00 -0.000000000000000000e+00 -0.000000000000000000e+00 -3.166777951896687121e-08
-1.760000000000000231e+00 -0.000000000000000000e+00 -0.000000000000000000e+00 -3.089539465265060493e-08
-1.716000000000000192e+00 -0.000000000000000000e+00 -0.000000000000000000e+00 -3.012300978633433865e-08
-1.672000000000000153e+00 -0.000000000000000000e+00 -0.000000000000000000e+00 -2.935062492001807236e-08
-1.628000000000000114e+00 -0.000000000000000000e+00 -0.000000000000000000e+00 -2.857824005370180939e-08
-1.584000000000000075e+00 -0.000000000000000000e+00 -0.000000000000000000e+00 -2.780585518738554311e-08
-1.540000000000000036e+00 -0.000000000000000000e+00 -0.000000000000000000e+00 -2.703347032106927683e-08
-1.495999999999999996e+00 -0.000000000000000000e+00 -0.000000000000000000e+00 -2.626108545475301055e-08
-1.451999999999999957e+00 -0.000000000000000000e+00 -0.000000000000000000e+00 -2.548870058843674427e-08
-1.408000000000000140e+00 -0.000000000000000000e+00 -0.000000000000000000e+00 -2.471631572212048460e-08
-1.364000000000000101e+00 -0.000000000000000000e+00 -0.000000000000000000e+00 -2.394393085580421832e-08
-1.320000000000000062e+00 -0.000000000000000000e+00 -0.000000000000000000e+00 -2.317154598948795204e-08
-1.276000000000000245e+00 -0.000000000000000000e+00 -0.000000000000000000e+00 -2.239916112317168907e-08
-1.232000000000000206e+00 -0.000000000000000000e+00 -0.000000000000000000e+00 -2.162677625685542279e-08
-1.188000000000000167e+00 -0.000000000000000000e+00 -0.000000000000000000e+00 -2.085439139053915981e-08
-1.144000000000000128e+00 -0.000000000000000000e+00 -0.000000000000000000e+00 -2.008200652422289353e-08
-1.100000000000000089e+00 -0.000000000000000000e+00 -0.000000000000000000e+00 -1.930962165790662725e-08
-1.056000000000000050e+00 -0.000000000000000000e+00 -0.000000000000000000e+00 -1.853723679159036097e-08
-1.012000000000000011e+00 -0.000000000000000000e+00 -0.000000000000000000e+00 -1.776485192527409469e-08
-9.679999999999999716e-01 -0.000000000000000000e+00 -0.000000000000000000e+00 -1.699246705895782841e-08
-9.240000000000001545e-01 -0.000000000000000000e+00 -0.000000000000000000e+00 -1.622008219264156874e-08
-8.800000000000001155e-01 -0.000000000000000000e+00 -0.000000000000000000e+00 -1.544769732632530246e-08
-8.360000000000000764e-01 -0.000000000000000000e+00 -0.000000000000000000e+00 -1.467531246000903618e-08
-7.920000000000000373e-01 -0.000000000000000000e+00 -0.000000000000000000e+00 -1.390292759369277156e-08
-7.479999999999999982e-01 -0.000000000000000000e+00 -0.000000000000000000e+00 -1.313054272737650527e-08
-7.039999999999999591e-01 -0.000000000000000000e+00 -0.000000000000000000e+00 -1.235815786106023899e-08
-6.599999999999999201e-01 -0.000000000000000000e+00 -0.000000000000000000e+00 -1.158577299474397437e-08
-6.160000000000001030e-01 -0.000000000000000000e+00 -0.000000000000000000e+00 -1.081338812842771139e-08
-5.720000000000000639e-01 -0.000000000000000000e+00 -0.000000000000000000e+00 -1.004100326211144677e-08
-5.280000000000000249e-01 -0.000000000000000000e+00 -0.000000000000000000e+00 -9.268618395795180486e-09
-4.839999999999999858e-01 -0.000000000000000000e+00 -0.000000000000000000e+00 -8.496233529478914204e-09
-4.399999999999999467e-01 -0.000000000000000000e+00 -0.000000000000000000e+00 -7.723848663162649577e-09
-3.959999999999999076e-01 -0.000000000000000000e+00 -0.000000000000000000e+00 -6.951463796846383296e-09
-3.520000000000000906e-01 -0.000000000000000000e+00 -0.000000000000000000e+00 -6.179078930530121978e-09
-3.080000000000000515e-01 -0.000000000000000000e+00 -0.000000000000000000e+00 -5.406694064213855697e-09
-2.640000000000000124e-01 -0.000000000000000000e+00 -0.000000000000000000e+00 -4.634309197897590243e-09
-2.199999999999999734e-01 -0.000000000000000000e+00 -0.000000000000000000e+00 -3.861924331581324789e-09
-1.760000000000001563e-01 -0.000000000000000000e+00 -0.000000000000000000e+00 -3.089539465265062643e-09
-1.320000000000001172e-01 -0.000000000000000000e+00 -0.000000000000000000e+00 -2.317154598948797189e-09
-8.800000000000007816e-02 -0.000000000000000000e+00 -0.000000000000000000e+00 -1.544769732632531322e-09
-4.400000000000003908e-02 -0.000000000000000000e+00 -0.000000000000000000e+00 -7.723848663162656608e-10
0.000000000000000000e+00 -0.000000000000000000e+00 -0.000000000000000000e+00 0.000000000000000000e+00
4.400000000000003908e-02 -0.000000000000000000e+00 -0.000000000000000000e+00 7.723848663162656608e-10
8.800000000000007816e-02 -0.000000000000000000e+00 -0.000000000000000000e+00 1.544769732632531322e-09
1.320000000000001172e-01 -0.000000000000000000e+00 -0.000000000000000000e+00 2.317154598948797189e-09
1.760000000000001563e-01 -0.000000000000000000e+00 -0.000000000000000000e+00 3.089539465265062643e-09
2.200000000000001954e-01 -0.000000000000000000e+00 -0.000000000000000000e+00 3.861924331581328925e-09
2.640000000000002345e-01 -0.000000000000000000e+00 -0.000000000000000000e+00 4.634309197897594379e-09
3.080000000000002736e-01 -0.000000000000000000e+00 -0.000000000000000000e+00 5.406694064213859833e-09
3.519999999999998685e-01 -0.000000000000000000e+00 -0.000000000000000000e+00 6.179078930530117842e-09
3.959999999999999076e-01 -0.000000000000000000e+00 -0.000000000000000000e+00 6.951463796846383296e-09
4.399999999999999467e-01 -0.000000000000000000e+00 -0.000000000000000000e+00 7.723848663162649577e-09
4.839999999999999858e-01 -0.000000000000000000e+00 -0.000000000000000000e+00 8.496233529478914204e-09
5.280000000000000249e-01 -0.000000000000000000e+00 -0.000000000000000000e+00 9.268618395795180486e-09
5.720000000000000639e-01 -0.000000000000000000e+00 -0.000000000000000000e+00 1.004100326211144677e-08
6.160000000000001030e-01 -0.000000000000000000e+00 -0.000000000000000000e+00 1.081338812842771139e-08
6.600000000000001421e-01 -0.000000000000000000e+00 -0.000000000000000000e+00 1.158577299474397767e-08
7.040000000000001812e-01 -0.000000000000000000e+00 -0.000000000000000000e+00 1.235815786106024396e-08
7.480000000000002203e-01 -0.000000000000000000e+00 -0.000000000000000000e+00 1.313054272737650858e-08
7.920000000000002593e-01 -0.000000000000000000e+00 -0.000000000000000000e+00 1.390292759369277486e-08
8.360000000000002984e-01 -0.000000000000000000e+00 -0.000000000000000000e+00 1.467531246000904115e-08
8.800000000000003375e-01 -0.000000000000000000e+00 -0.000000000000000000e+00 1.544769732632530577e-08
9.239999999999999325e-01 -0.000000000000000000e+00 -0.000000000000000000e+00 1.622008219264156544e-08
9.679999999999999716e-01 -0.000000000000000000e+00 -0.000000000000000000e+00 1.699246705895782841e-08
1.012000000000000011e+00 -0.000000000000000000e+00 -0.000000000000000000e+00 1.776485192527409469e-08
1.056000000000000050e+00 -0.000000000000000000e+00 -0.000000000000000000e+00 1.853723679159036097e-08
1.100000000000000089e+00 -0.000000000000000000e+00 -0.000000000000000000e+00 1.930962165790662725e-08
1.144000000000000128e+00 -0.000000000000000000e+00 -0.000000000000000000e+00 2.008200652422289353e-08
1.188000000000000167e+00 -0.000000000000000000e+00 -0.000000000000000000e+00 2.085439139053915981e-08
1.232000000000000206e+00 -0.000000000000000000e+00 -0.000000000000000000e+00 2.162677625685542279e-08
1.276000000000000245e+00 -0.000000000000000000e+00 -0.000000000000000000e+00 2.239916112317168907e-08
1.320000000000000284e+00 -0.000000000000000000e+00 -0.000000000000000000e+00 2.317154598948795535e-08
1.364000000000000323e+00 -0.000000000000000000e+00 -0.000000000000000000e+00 2.394393085580422163e-08
1.408000000000000362e+00 -0.000000000000000000e+00 -0.000000000000000000e+00 2.471631572212048791e-08
1.452000000000000401e+00 -0.000000000000000000e+00 -0.000000000000000000e+00 2.548870058843675419e-08
1.495999999999999996e+00 -0.000000000000000000e+00 -0.000000000000000000e+00 2.626108545475301055e-08
1.540000000000000036e+00 -0.000000000000000000e+00 -0.000000000000000000e+00 2.703347032106927683e-08
1.584000000000000075e+00 -0.000000000000000000e+00 -0.000000000000000000e+00 2.780585518738554311e-08
1.628000000000000114e+00 -0.000000000000000000e+00 -0.000000000000000000e+00 2.857824005370180939e-08
1.672000000000000153e+00 -0.000000000000000000e+00 -0.000000000000000000e+00 2.935062492001807236e-08
1.716000000000000192e+00 -0.000000000000000000e+00 -0.000000000000000000e+00 3.012300978633433865e-08
1.760000000000000231e+00 -0.000000000000000000e+00 -0.000000000000000000e+00 3.089539465265060493e-08
1.804000000000000270e+00 -0.000000000000000000e+00 -0.000000000000000000e+00 3.166777951896687121e-08
1.847999999999999865e+00 -0.000000000000000000e+00 -0.000000000000000000e+00 3.244016438528313087e-08
1.892000000000000348e+00 -0.000000000000000000e+00 -0.000000000000000000e+00 3.321254925159940377e-08
1.935999999999999943e+00 -0.000000000000000000e+00 -0.000000000000000000e+00 3.398493411791565682e-08
1.980000000000000426e+00 -0.000000000000000000e+00 -0.000000000000000000e+00 3.475731898423193633e-08
2.024000000000000021e+00 -0.000000000000000000e+00 -0.000000000000000000e+00 3.552970385054818938e-08
2.068000000000000504e+00 -0.000000000000000000e+00 -0.000000000000000000e+00 3.630208871686446228e-08
2.112000000000000099e+00 -0.000000000000000000e+00 -0.000000000000000000e+00 3.707447358318072194e-08
2.156000000000000583e+00 -0.000000000000000000e+00 -0.000000000000000000e+00 3.784685844949699484e-08
2.200000000000000178e+00 -0.000000000000000000e+00 -0.000000000000000000e+00 3.861924331581325450e-08
